  Parser.cpp
  The contents of <charconv> are available only with C++17 or later.
C:\Users\Lucas\Desktop\FH\3_Semester\COM\CompilerBoys\MIECCompiler\MiniIEC\Parser.cpp(364,13): warning C4996: 'swscanf': This function or variable may be unsafe. Consider using swscanf_s instead. To disable deprecation, use _CRT_SECURE_NO_WARNINGS. See online help for details.
  Scanner.cpp
C:\Users\Lucas\Desktop\FH\3_Semester\COM\CompilerBoys\MIECCompiler\MiniIEC\Scanner.cpp(14,2): warning C4996: 'wcsncpy': This function or variable may be unsafe. Consider using wcsncpy_s instead. To disable deprecation, use _CRT_SECURE_NO_WARNINGS. See online help for details.
C:\Users\Lucas\Desktop\FH\3_Semester\COM\CompilerBoys\MIECCompiler\MiniIEC\Scanner.cpp(25,2): warning C4996: 'wcsncpy': This function or variable may be unsafe. Consider using wcsncpy_s instead. To disable deprecation, use _CRT_SECURE_NO_WARNINGS. See online help for details.
C:\Users\Lucas\Desktop\FH\3_Semester\COM\CompilerBoys\MIECCompiler\MiniIEC\Scanner.cpp(82,15): warning C4996: 'wcscpy': This function or variable may be unsafe. Consider using wcscpy_s instead. To disable deprecation, use _CRT_SECURE_NO_WARNINGS. See online help for details.
C:\Users\Lucas\Desktop\FH\3_Semester\COM\CompilerBoys\MIECCompiler\MiniIEC\Scanner.cpp(83,15): warning C4996: 'wcscpy': This function or variable may be unsafe. Consider using wcscpy_s instead. To disable deprecation, use _CRT_SECURE_NO_WARNINGS. See online help for details.
C:\Users\Lucas\Desktop\FH\3_Semester\COM\CompilerBoys\MIECCompiler\MiniIEC\Scanner.cpp(93,2): warning C4996: 'wcsncpy': This function or variable may be unsafe. Consider using wcsncpy_s instead. To disable deprecation, use _CRT_SECURE_NO_WARNINGS. See online help for details.
C:\Users\Lucas\Desktop\FH\3_Semester\COM\CompilerBoys\MIECCompiler\MiniIEC\Scanner.cpp(386,16): warning C4996: 'fopen': This function or variable may be unsafe. Consider using fopen_s instead. To disable deprecation, use _CRT_SECURE_NO_WARNINGS. See online help for details.
C:\Users\Lucas\Desktop\FH\3_Semester\COM\CompilerBoys\MIECCompiler\MiniIEC\Scanner.cpp(583,2): warning C4996: 'wcsncpy': This function or variable may be unsafe. Consider using wcsncpy_s instead. To disable deprecation, use _CRT_SECURE_NO_WARNINGS. See online help for details.
  main.cpp
  The contents of <charconv> are available only with C++17 or later.
C:\Users\Lucas\Desktop\FH\3_Semester\COM\CompilerBoys\MIECCompiler\MiniIEC\main.cpp(44,24): warning C4996: 'localtime': This function or variable may be unsafe. Consider using localtime_s instead. To disable deprecation, use _CRT_SECURE_NO_WARNINGS. See online help for details.
  Code wird generiert.
  4 of 815 functions ( 0.5%) were compiled, the rest were copied from previous compilation.
    0 functions were new in current compilation
    4 functions had inline decision re-evaluated but remain unchanged
  Codegenerierung ist abgeschlossen.
  MIECCompiler.vcxproj -> C:\Users\Lucas\Desktop\FH\3_Semester\COM\CompilerBoys\MIECCompiler\Release\MIECCompiler.exe
