c:\users\lucas\desktop\fh\3_semester\com\compilerboys\mieccompiler\debug\vc142.pdb
c:\users\lucas\desktop\fh\3_semester\com\compilerboys\mieccompiler\debug\vc142.idb
c:\users\lucas\desktop\fh\3_semester\com\compilerboys\mieccompiler\debug\varsymbol.obj
c:\users\lucas\desktop\fh\3_semester\com\compilerboys\mieccompiler\debug\typesymbol.obj
c:\users\lucas\desktop\fh\3_semester\com\compilerboys\mieccompiler\debug\symoperand.obj
c:\users\lucas\desktop\fh\3_semester\com\compilerboys\mieccompiler\debug\symboltable.obj
c:\users\lucas\desktop\fh\3_semester\com\compilerboys\mieccompiler\debug\symbolfactory.obj
c:\users\lucas\desktop\fh\3_semester\com\compilerboys\mieccompiler\debug\symbol.obj
c:\users\lucas\desktop\fh\3_semester\com\compilerboys\mieccompiler\debug\structtype.obj
c:\users\lucas\desktop\fh\3_semester\com\compilerboys\mieccompiler\debug\scanner.obj
c:\users\lucas\desktop\fh\3_semester\com\compilerboys\mieccompiler\debug\refoperand.obj
c:\users\lucas\desktop\fh\3_semester\com\compilerboys\mieccompiler\debug\parser.obj
c:\users\lucas\desktop\fh\3_semester\com\compilerboys\mieccompiler\debug\operand.obj
c:\users\lucas\desktop\fh\3_semester\com\compilerboys\mieccompiler\debug\main.obj
c:\users\lucas\desktop\fh\3_semester\com\compilerboys\mieccompiler\debug\dacoperand.obj
c:\users\lucas\desktop\fh\3_semester\com\compilerboys\mieccompiler\debug\dacgenerator.obj
c:\users\lucas\desktop\fh\3_semester\com\compilerboys\mieccompiler\debug\dacentry.obj
c:\users\lucas\desktop\fh\3_semester\com\compilerboys\mieccompiler\debug\constintsymbol.obj
c:\users\lucas\desktop\fh\3_semester\com\compilerboys\mieccompiler\debug\basictype.obj
c:\users\lucas\desktop\fh\3_semester\com\compilerboys\mieccompiler\miniiec\parser.cpp
c:\users\lucas\desktop\fh\3_semester\com\compilerboys\mieccompiler\miniiec\parser.h
c:\users\lucas\desktop\fh\3_semester\com\compilerboys\mieccompiler\miniiec\scanner.cpp
c:\users\lucas\desktop\fh\3_semester\com\compilerboys\mieccompiler\miniiec\scanner.h
c:\users\lucas\desktop\fh\3_semester\com\compilerboys\mieccompiler\debug\mieccompiler.exe
c:\users\lucas\desktop\fh\3_semester\com\compilerboys\mieccompiler\debug\mieccompiler.ilk
c:\users\lucas\desktop\fh\3_semester\com\compilerboys\mieccompiler\debug\mieccompiler.pdb
c:\users\lucas\desktop\fh\3_semester\com\compilerboys\mieccompiler\debug\mieccompiler.tlog\cl.command.1.tlog
c:\users\lucas\desktop\fh\3_semester\com\compilerboys\mieccompiler\debug\mieccompiler.tlog\cl.read.1.tlog
c:\users\lucas\desktop\fh\3_semester\com\compilerboys\mieccompiler\debug\mieccompiler.tlog\cl.write.1.tlog
c:\users\lucas\desktop\fh\3_semester\com\compilerboys\mieccompiler\debug\mieccompiler.tlog\custombuild.command.1.tlog
c:\users\lucas\desktop\fh\3_semester\com\compilerboys\mieccompiler\debug\mieccompiler.tlog\custombuild.read.1.tlog
c:\users\lucas\desktop\fh\3_semester\com\compilerboys\mieccompiler\debug\mieccompiler.tlog\custombuild.write.1.tlog
c:\users\lucas\desktop\fh\3_semester\com\compilerboys\mieccompiler\debug\mieccompiler.tlog\link.command.1.tlog
c:\users\lucas\desktop\fh\3_semester\com\compilerboys\mieccompiler\debug\mieccompiler.tlog\link.read.1.tlog
c:\users\lucas\desktop\fh\3_semester\com\compilerboys\mieccompiler\debug\mieccompiler.tlog\link.write.1.tlog
