  Performing Custom Build Tools
  Coco/R (Jan 11, 2010)
  checking
  parser + scanner generated
  0 errors detected
  BasicType.cpp
  ConstIntSymbol.cpp
  DACEntry.cpp
  DACGenerator.cpp
  DACOperand.cpp
  main.cpp
  The contents of <charconv> are available only with C++17 or later.
  Operand.cpp
  Parser.cpp
  The contents of <charconv> are available only with C++17 or later.
  RefOperand.cpp
  Scanner.cpp
  StructType.cpp
  Symbol.cpp
  SymbolFactory.cpp
  SymbolTable.cpp
C:\Program Files (x86)\Microsoft Visual Studio\2019\Community\VC\Tools\MSVC\14.28.29910\include\xstring(2468,23): warning C4244: "Argument": Konvertierung von "const wchar_t" in "const _Elem", möglicher Datenverlust
          with
          [
              _Elem=char
          ]
C:\Program Files (x86)\Microsoft Visual Studio\2019\Community\VC\Tools\MSVC\14.28.29910\include\xstring(2479): message : Siehe Verweis auf die gerade kompilierte Instanziierung "void std::basic_string<char,std::char_traits<char>,std::allocator<char>>::_Construct<const wchar_t*>(_Iter,const _Iter,std::input_iterator_tag)" der Funktions-Vorlage.
          with
          [
              _Iter=const wchar_t *
          ]
C:\Program Files (x86)\Microsoft Visual Studio\2019\Community\VC\Tools\MSVC\14.28.29910\include\xstring(2479): message : Siehe Verweis auf die gerade kompilierte Instanziierung "void std::basic_string<char,std::char_traits<char>,std::allocator<char>>::_Construct<const wchar_t*>(_Iter,const _Iter,std::input_iterator_tag)" der Funktions-Vorlage.
          with
          [
              _Iter=const wchar_t *
          ]
C:\Program Files (x86)\Microsoft Visual Studio\2019\Community\VC\Tools\MSVC\14.28.29910\include\xstring(2459): message : Siehe Verweis auf die gerade kompilierte Instanziierung "void std::basic_string<char,std::char_traits<char>,std::allocator<char>>::_Construct<const wchar_t*>(const _Iter,const _Iter,std::forward_iterator_tag)" der Funktions-Vorlage.
          with
          [
              _Iter=const wchar_t *
          ]
C:\Program Files (x86)\Microsoft Visual Studio\2019\Community\VC\Tools\MSVC\14.28.29910\include\xstring(2459): message : Siehe Verweis auf die gerade kompilierte Instanziierung "void std::basic_string<char,std::char_traits<char>,std::allocator<char>>::_Construct<const wchar_t*>(const _Iter,const _Iter,std::forward_iterator_tag)" der Funktions-Vorlage.
          with
          [
              _Iter=const wchar_t *
          ]
C:\Users\Lucas\Desktop\FH\3_Semester\COM\CompilerBoys\MIECCompiler\MiniIEC\SymbolTable.cpp(55): message : Siehe Verweis auf die gerade kompilierte Instanziierung "std::basic_string<char,std::char_traits<char>,std::allocator<char>>::basic_string<std::_String_const_iterator<std::_String_val<std::_Simple_types<_Elem>>>,0>(_Iter,_Iter,const _Alloc &)" der Funktions-Vorlage.
          with
          [
              _Elem=wchar_t,
              _Iter=std::_String_const_iterator<std::_String_val<std::_Simple_types<wchar_t>>>,
              _Alloc=std::allocator<char>
          ]
C:\Users\Lucas\Desktop\FH\3_Semester\COM\CompilerBoys\MIECCompiler\MiniIEC\SymbolTable.cpp(55): message : Siehe Verweis auf die gerade kompilierte Instanziierung "std::basic_string<char,std::char_traits<char>,std::allocator<char>>::basic_string<std::_String_const_iterator<std::_String_val<std::_Simple_types<_Elem>>>,0>(_Iter,_Iter,const _Alloc &)" der Funktions-Vorlage.
          with
          [
              _Elem=wchar_t,
              _Iter=std::_String_const_iterator<std::_String_val<std::_Simple_types<wchar_t>>>,
              _Alloc=std::allocator<char>
          ]
  SymOperand.cpp
  TypeSymbol.cpp
  VarSymbol.cpp
  Code wird generiert...
  MIECCompiler.vcxproj -> C:\Users\Lucas\Desktop\FH\3_Semester\COM\CompilerBoys\MIECCompiler\Debug\MIECCompiler.exe
